tensor([[[ 1.3236],
         [ 1.3995],
         [-0.9252],
         [-1.2147],
         [ 0.0824],
         [ 1.5534],
         [ 1.0193],
         [ 0.8372],
         [ 0.2691],
         [ 0.1852],
         [ 0.3611],
         [ 1.5692],
         [ 0.7396],
         [-0.9218],
         [-1.3182],
         [ 1.0505]],

        [[-0.8233],
         [ 1.6602],
         [-0.4977],
         [-0.2900],
         [-0.9064],
         [ 0.0138],
         [-1.6241],
         [-1.6994],
         [ 1.2188],
         [ 0.1988],
         [ 0.6541],
         [-0.7291],
         [-1.5559],
         [-0.1719],
         [ 1.3115],
         [-0.6095]]], device='cuda:0')
torch.Size([2, 16, 1])
Parameter containing:
tensor([[[ 1.3236,  1.3995, -0.9252, -1.2147,  0.0824,  1.5534,  1.0193,
           0.8372,  0.2691,  0.1852,  0.3611,  1.5692,  0.7396, -0.9218,
          -1.3182,  1.0505]],

        [[-0.8233,  1.6602, -0.4977, -0.2900, -0.9064,  0.0138, -1.6241,
          -1.6994,  1.2188,  0.1988,  0.6541, -0.7291, -1.5559, -0.1719,
           1.3115, -0.6095]]], device='cuda:0', requires_grad=True)
torch.Size([2, 1, 16])
tensor([[[0.0052],
         [0.0042]],

        [[0.0044],
         [0.0017]],

        [[0.0041],
         [0.0040]],

        [[0.0049],
         [0.0029]],

        [[0.0019],
         [0.0030]],

        [[0.0062],
         [0.0088]],

        [[0.0031],
         [0.0053]],

        [[0.0025],
         [0.0033]],

        [[0.0030],
         [0.0014]],

        [[0.0037],
         [0.0017]],

        [[0.0016],
         [0.0038]],

        [[0.0028],
         [0.0024]],

        [[0.0035],
         [0.0034]],

        [[0.0101],
         [0.0015]],

        [[0.0035],
         [0.0057]],

        [[0.0018],
         [0.0038]],

        [[0.0026],
         [0.0044]],

        [[0.0034],
         [0.0009]],

        [[0.0017],
         [0.0015]],

        [[0.0027],
         [0.0014]],

        [[0.0033],
         [0.0118]],

        [[0.0022],
         [0.0027]],

        [[0.0025],
         [0.0026]],

        [[0.0013],
         [0.0020]],

        [[0.0077],
         [0.0027]],

        [[0.0020],
         [0.0067]],

        [[0.0068],
         [0.0018]],

        [[0.0017],
         [0.0077]],

        [[0.0036],
         [0.0068]],

        [[0.0058],
         [0.0020]],

        [[0.0020],
         [0.0044]],

        [[0.0034],
         [0.0016]],

        [[0.0036],
         [0.0013]],

        [[0.0063],
         [0.0026]],

        [[0.0042],
         [0.0041]],

        [[0.0015],
         [0.0032]],

        [[0.0034],
         [0.0018]],

        [[0.0020],
         [0.0027]],

        [[0.0009],
         [0.0086]],

        [[0.0018],
         [0.0038]],

        [[0.0044],
         [0.0013]],

        [[0.0014],
         [0.0039]],

        [[0.0058],
         [0.0021]],

        [[0.0014],
         [0.0059]],

        [[0.0020],
         [0.0026]],

        [[0.0089],
         [0.0027]],

        [[0.0104],
         [0.0029]],

        [[0.0048],
         [0.0042]],

        [[0.0020],
         [0.0015]],

        [[0.0023],
         [0.0048]],

        [[0.0051],
         [0.0021]],

        [[0.0039],
         [0.0024]],

        [[0.0028],
         [0.0054]],

        [[0.0040],
         [0.0035]],

        [[0.0017],
         [0.0030]],

        [[0.0028],
         [0.0091]],

        [[0.0023],
         [0.0058]],

        [[0.0030],
         [0.0114]],

        [[0.0054],
         [0.0045]],

        [[0.0037],
         [0.0046]],

        [[0.0052],
         [0.0015]],

        [[0.0028],
         [0.0044]],

        [[0.0028],
         [0.0036]],

        [[0.0111],
         [0.0050]],

        [[0.0037],
         [0.0038]],

        [[0.0031],
         [0.0032]],

        [[0.0054],
         [0.0059]],

        [[0.0028],
         [0.0034]],

        [[0.0057],
         [0.0046]],

        [[0.0016],
         [0.0020]],

        [[0.0013],
         [0.0052]],

        [[0.0022],
         [0.0036]],

        [[0.0043],
         [0.0039]],

        [[0.0055],
         [0.0057]],

        [[0.0019],
         [0.0023]],

        [[0.0069],
         [0.0073]],

        [[0.0027],
         [0.0035]],

        [[0.0032],
         [0.0064]],

        [[0.0032],
         [0.0018]],

        [[0.0035],
         [0.0059]],

        [[0.0033],
         [0.0040]],

        [[0.0108],
         [0.0068]],

        [[0.0013],
         [0.0042]],

        [[0.0024],
         [0.0042]],

        [[0.0027],
         [0.0029]],

        [[0.0035],
         [0.0056]],

        [[0.0024],
         [0.0035]],

        [[0.0044],
         [0.0033]],

        [[0.0023],
         [0.0040]],

        [[0.0043],
         [0.0012]],

        [[0.0124],
         [0.0015]],

        [[0.0054],
         [0.0103]],

        [[0.0014],
         [0.0043]],

        [[0.0017],
         [0.0016]],

        [[0.0080],
         [0.0036]],

        [[0.0010],
         [0.0059]],

        [[0.0131],
         [0.0027]],

        [[0.0046],
         [0.0083]],

        [[0.0016],
         [0.0030]],

        [[0.0008],
         [0.0025]],

        [[0.0087],
         [0.0044]],

        [[0.0053],
         [0.0062]],

        [[0.0017],
         [0.0104]],

        [[0.0014],
         [0.0020]],

        [[0.0067],
         [0.0069]],

        [[0.0059],
         [0.0039]],

        [[0.0049],
         [0.0017]],

        [[0.0031],
         [0.0033]],

        [[0.0080],
         [0.0079]],

        [[0.0021],
         [0.0035]],

        [[0.0056],
         [0.0080]],

        [[0.0026],
         [0.0034]],

        [[0.0050],
         [0.0082]],

        [[0.0041],
         [0.0016]],

        [[0.0070],
         [0.0036]],

        [[0.0034],
         [0.0029]],

        [[0.0022],
         [0.0027]],

        [[0.0034],
         [0.0013]],

        [[0.0042],
         [0.0037]],

        [[0.0057],
         [0.0076]],

        [[0.0037],
         [0.0042]],

        [[0.0029],
         [0.0027]],

        [[0.0112],
         [0.0006]],

        [[0.0063],
         [0.0020]],

        [[0.0014],
         [0.0063]],

        [[0.0037],
         [0.0026]],

        [[0.0017],
         [0.0083]],

        [[0.0031],
         [0.0033]],

        [[0.0051],
         [0.0023]],

        [[0.0030],
         [0.0038]],

        [[0.0012],
         [0.0035]],

        [[0.0021],
         [0.0080]],

        [[0.0038],
         [0.0012]],

        [[0.0046],
         [0.0024]],

        [[0.0105],
         [0.0014]],

        [[0.0021],
         [0.0008]],

        [[0.0032],
         [0.0037]],

        [[0.0019],
         [0.0007]],

        [[0.0014],
         [0.0043]],

        [[0.0049],
         [0.0028]],

        [[0.0063],
         [0.0027]],

        [[0.0038],
         [0.0012]],

        [[0.0038],
         [0.0033]],

        [[0.0057],
         [0.0059]],

        [[0.0027],
         [0.0056]],

        [[0.0026],
         [0.0017]],

        [[0.0041],
         [0.0019]],

        [[0.0064],
         [0.0037]],

        [[0.0049],
         [0.0068]],

        [[0.0024],
         [0.0028]],

        [[0.0017],
         [0.0045]],

        [[0.0041],
         [0.0039]],

        [[0.0023],
         [0.0023]],

        [[0.0020],
         [0.0066]],

        [[0.0023],
         [0.0133]],

        [[0.0033],
         [0.0133]],

        [[0.0018],
         [0.0056]],

        [[0.0041],
         [0.0013]],

        [[0.0019],
         [0.0035]],

        [[0.0076],
         [0.0046]],

        [[0.0100],
         [0.0016]],

        [[0.0022],
         [0.0017]],

        [[0.0073],
         [0.0023]],

        [[0.0034],
         [0.0024]],

        [[0.0015],
         [0.0068]],

        [[0.0047],
         [0.0024]],

        [[0.0023],
         [0.0058]],

        [[0.0017],
         [0.0032]],

        [[0.0052],
         [0.0063]],

        [[0.0025],
         [0.0045]],

        [[0.0017],
         [0.0015]],

        [[0.0053],
         [0.0028]],

        [[0.0108],
         [0.0034]],

        [[0.0014],
         [0.0085]],

        [[0.0015],
         [0.0049]],

        [[0.0014],
         [0.0031]],

        [[0.0058],
         [0.0009]],

        [[0.0064],
         [0.0037]],

        [[0.0042],
         [0.0067]],

        [[0.0038],
         [0.0047]],

        [[0.0035],
         [0.0028]],

        [[0.0031],
         [0.0022]],

        [[0.0039],
         [0.0064]],

        [[0.0037],
         [0.0049]],

        [[0.0057],
         [0.0049]],

        [[0.0035],
         [0.0036]],

        [[0.0021],
         [0.0022]],

        [[0.0010],
         [0.0032]],

        [[0.0058],
         [0.0023]],

        [[0.0026],
         [0.0025]],

        [[0.0050],
         [0.0016]],

        [[0.0028],
         [0.0054]],

        [[0.0044],
         [0.0049]],

        [[0.0030],
         [0.0047]],

        [[0.0041],
         [0.0056]],

        [[0.0039],
         [0.0019]],

        [[0.0041],
         [0.0027]],

        [[0.0045],
         [0.0075]],

        [[0.0019],
         [0.0059]],

        [[0.0049],
         [0.0015]],

        [[0.0014],
         [0.0030]],

        [[0.0077],
         [0.0029]],

        [[0.0030],
         [0.0040]],

        [[0.0036],
         [0.0031]],

        [[0.0050],
         [0.0034]],

        [[0.0167],
         [0.0039]],

        [[0.0025],
         [0.0016]],

        [[0.0036],
         [0.0049]],

        [[0.0050],
         [0.0053]],

        [[0.0042],
         [0.0024]],

        [[0.0015],
         [0.0016]],

        [[0.0049],
         [0.0032]],

        [[0.0027],
         [0.0018]],

        [[0.0081],
         [0.0024]],

        [[0.0015],
         [0.0099]],

        [[0.0042],
         [0.0047]],

        [[0.0043],
         [0.0067]],

        [[0.0019],
         [0.0033]],

        [[0.0028],
         [0.0025]],

        [[0.0038],
         [0.0018]],

        [[0.0037],
         [0.0027]],

        [[0.0024],
         [0.0023]],

        [[0.0092],
         [0.0027]],

        [[0.0059],
         [0.0077]],

        [[0.0028],
         [0.0026]],

        [[0.0018],
         [0.0024]],

        [[0.0012],
         [0.0034]],

        [[0.0022],
         [0.0062]],

        [[0.0042],
         [0.0018]],

        [[0.0009],
         [0.0021]],

        [[0.0016],
         [0.0029]],

        [[0.0012],
         [0.0093]],

        [[0.0010],
         [0.0056]],

        [[0.0033],
         [0.0033]],

        [[0.0018],
         [0.0012]],

        [[0.0025],
         [0.0033]],

        [[0.0043],
         [0.0009]],

        [[0.0016],
         [0.0035]],

        [[0.0024],
         [0.0027]],

        [[0.0014],
         [0.0021]],

        [[0.0009],
         [0.0058]],

        [[0.0039],
         [0.0011]],

        [[0.0037],
         [0.0030]],

        [[0.0048],
         [0.0045]],

        [[0.0015],
         [0.0043]],

        [[0.0028],
         [0.0020]],

        [[0.0025],
         [0.0027]],

        [[0.0046],
         [0.0038]],

        [[0.0039],
         [0.0036]],

        [[0.0059],
         [0.0012]],

        [[0.0021],
         [0.0023]],

        [[0.0078],
         [0.0009]],

        [[0.0032],
         [0.0072]],

        [[0.0030],
         [0.0051]],

        [[0.0208],
         [0.0048]],

        [[0.0023],
         [0.0039]]], device='cuda:0', grad_fn=<SoftmaxBackward0>)
torch.Size([256, 2, 1])
tensor([[0.0042],
        [0.0041]], device='cuda:0', grad_fn=<SliceBackward0>)
torch.Size([2, 1])
tensor([[False],
        [False]], device='cuda:0')
torch.Size([2, 1])
